{
  "stats": {
    "suites": 1,
    "tests": 12,
    "passes": 12,
    "pending": 0,
    "failures": 0,
    "start": "2024-05-11T16:09:18.893Z",
    "end": "2024-05-11T16:09:39.291Z",
    "duration": 20398,
    "testsRegistered": 12,
    "passPercent": 100,
    "pendingPercent": 0,
    "other": 0,
    "hasOther": false,
    "skipped": 0,
    "hasSkipped": false
  },
  "results": [
    {
      "uuid": "db38c5ce-22a5-4699-94c2-c126deb3bafc",
      "title": "",
      "fullFile": "cypress\\e2e\\project.cy.js",
      "file": "cypress\\e2e\\project.cy.js",
      "beforeHooks": [],
      "afterHooks": [],
      "tests": [],
      "suites": [
        {
          "uuid": "d9d665d2-e297-4290-9923-eccddc57581f",
          "title": "CYPRESS PROJECT",
          "fullFile": "",
          "file": "",
          "beforeHooks": [],
          "afterHooks": [],
          "tests": [
            {
              "title": "Verify user can navigate to URl",
              "fullTitle": "CYPRESS PROJECT Verify user can navigate to URl",
              "timedOut": null,
              "duration": 7796,
              "state": "passed",
              "speed": "medium",
              "pass": true,
              "fail": false,
              "pending": false,
              "context": null,
              "code": "cy.visit('/');",
              "err": {},
              "uuid": "cdecdd9f-2732-4ed5-987b-b8a74b345eab",
              "parentUUID": "d9d665d2-e297-4290-9923-eccddc57581f",
              "isHook": false,
              "skipped": false
            },
            {
              "title": "Verify that homepage logo is Visible",
              "fullTitle": "CYPRESS PROJECT Verify that homepage logo is Visible",
              "timedOut": null,
              "duration": 118,
              "state": "passed",
              "speed": "fast",
              "pass": true,
              "fail": false,
              "pending": false,
              "context": null,
              "code": "cy.get('img').should('be.visible');",
              "err": {},
              "uuid": "dd3ee20d-7a7c-4a84-9f70-7516aadffced",
              "parentUUID": "d9d665d2-e297-4290-9923-eccddc57581f",
              "isHook": false,
              "skipped": false
            },
            {
              "title": "Verify user can click on cart",
              "fullTitle": "CYPRESS PROJECT Verify user can click on cart",
              "timedOut": null,
              "duration": 1243,
              "state": "passed",
              "speed": "fast",
              "pass": true,
              "fail": false,
              "pending": false,
              "context": null,
              "code": "cy.get('.shop-menu > .nav > :nth-child(3) > a').click();",
              "err": {},
              "uuid": "58a87cb6-4cd8-4f56-af05-4a369fb3068a",
              "parentUUID": "d9d665d2-e297-4290-9923-eccddc57581f",
              "isHook": false,
              "skipped": false
            },
            {
              "title": "Verify Cart is empty",
              "fullTitle": "CYPRESS PROJECT Verify Cart is empty",
              "timedOut": null,
              "duration": 11,
              "state": "passed",
              "speed": "fast",
              "pass": true,
              "fail": false,
              "pending": false,
              "context": null,
              "code": "cy.contains('Cart is empty');",
              "err": {},
              "uuid": "264728e6-c810-4884-9fbe-450b6f0915e2",
              "parentUUID": "d9d665d2-e297-4290-9923-eccddc57581f",
              "isHook": false,
              "skipped": false
            },
            {
              "title": "Verify user can click on Product",
              "fullTitle": "CYPRESS PROJECT Verify user can click on Product",
              "timedOut": null,
              "duration": 4752,
              "state": "passed",
              "speed": "fast",
              "pass": true,
              "fail": false,
              "pending": false,
              "context": null,
              "code": "cy.get('.nav > :nth-child(2) > a').click();",
              "err": {},
              "uuid": "5ba01a68-bb60-449a-a8f1-e384473a4a4c",
              "parentUUID": "d9d665d2-e297-4290-9923-eccddc57581f",
              "isHook": false,
              "skipped": false
            },
            {
              "title": "user click on men T-shirt",
              "fullTitle": "CYPRESS PROJECT user click on men T-shirt",
              "timedOut": null,
              "duration": 2593,
              "state": "passed",
              "speed": "fast",
              "pass": true,
              "fail": false,
              "pending": false,
              "context": null,
              "code": "cy.get(':nth-child(2) > .panel-heading > .panel-title > a').click();\ncy.get('#Men > .panel-body > ul > :nth-child(1) > a').click();",
              "err": {},
              "uuid": "cfcbcf58-d4c4-45b8-b934-8a4775f9d31e",
              "parentUUID": "d9d665d2-e297-4290-9923-eccddc57581f",
              "isHook": false,
              "skipped": false
            },
            {
              "title": "Verify user add first product",
              "fullTitle": "CYPRESS PROJECT Verify user add first product",
              "timedOut": null,
              "duration": 603,
              "state": "passed",
              "speed": "fast",
              "pass": true,
              "fail": false,
              "pending": false,
              "context": null,
              "code": "cy.get(':nth-child(3) > .product-image-wrapper > .single-products > .productinfo > .btn').click();\ncy.get('.modal-content').should('be.visible'); //To check product is added successfully\ncy.get('.modal-footer > .btn').click();",
              "err": {},
              "uuid": "09a72d3b-2f6b-40bd-8370-c9045247a11d",
              "parentUUID": "d9d665d2-e297-4290-9923-eccddc57581f",
              "isHook": false,
              "skipped": false
            },
            {
              "title": "Verify user can add second product",
              "fullTitle": "CYPRESS PROJECT Verify user can add second product",
              "timedOut": null,
              "duration": 615,
              "state": "passed",
              "speed": "fast",
              "pass": true,
              "fail": false,
              "pending": false,
              "context": null,
              "code": "cy.get(':nth-child(4) > .product-image-wrapper > .single-products > .productinfo > .btn').click();\ncy.get('.modal-footer > .btn').click();",
              "err": {},
              "uuid": "412bfb26-73d2-415e-8ae0-1744811d472f",
              "parentUUID": "d9d665d2-e297-4290-9923-eccddc57581f",
              "isHook": false,
              "skipped": false
            },
            {
              "title": "Verify user can add third product",
              "fullTitle": "CYPRESS PROJECT Verify user can add third product",
              "timedOut": null,
              "duration": 107,
              "state": "passed",
              "speed": "fast",
              "pass": true,
              "fail": false,
              "pending": false,
              "context": null,
              "code": "cy.get(':nth-child(6) > .product-image-wrapper > .single-products > .productinfo > .btn').click();",
              "err": {},
              "uuid": "760a92b4-0bb2-48cd-990e-f030fd188ab8",
              "parentUUID": "d9d665d2-e297-4290-9923-eccddc57581f",
              "isHook": false,
              "skipped": false
            },
            {
              "title": "Verify user can view cart on the success banner",
              "fullTitle": "CYPRESS PROJECT Verify user can view cart on the success banner",
              "timedOut": null,
              "duration": 2375,
              "state": "passed",
              "speed": "fast",
              "pass": true,
              "fail": false,
              "pending": false,
              "context": null,
              "code": "cy.get('.modal-body > :nth-child(2)').click();",
              "err": {},
              "uuid": "5baf615b-901d-4a38-8065-ef2eaf004c77",
              "parentUUID": "d9d665d2-e297-4290-9923-eccddc57581f",
              "isHook": false,
              "skipped": false
            },
            {
              "title": "Verify user can view the cart",
              "fullTitle": "CYPRESS PROJECT Verify user can view the cart",
              "timedOut": null,
              "duration": 7,
              "state": "passed",
              "speed": "fast",
              "pass": true,
              "fail": false,
              "pending": false,
              "context": null,
              "code": "cy.get('#cart_info').should('be.visible');",
              "err": {},
              "uuid": "fb653e9a-bf97-456f-8780-154504ea336e",
              "parentUUID": "d9d665d2-e297-4290-9923-eccddc57581f",
              "isHook": false,
              "skipped": false
            },
            {
              "title": "Verify the cost of each items",
              "fullTitle": "CYPRESS PROJECT Verify the cost of each items",
              "timedOut": null,
              "duration": 28,
              "state": "passed",
              "speed": "fast",
              "pass": true,
              "fail": false,
              "pending": false,
              "context": null,
              "code": "cy.contains('Rs. 1500').should('be.visible');\ncy.contains('Rs. 400').should('be.visible');\ncy.contains('Rs. 1299').should('be.visible');",
              "err": {},
              "uuid": "d50a7214-2bc7-436f-85ea-ea0f41ef1fcf",
              "parentUUID": "d9d665d2-e297-4290-9923-eccddc57581f",
              "isHook": false,
              "skipped": false
            }
          ],
          "suites": [],
          "passes": [
            "cdecdd9f-2732-4ed5-987b-b8a74b345eab",
            "dd3ee20d-7a7c-4a84-9f70-7516aadffced",
            "58a87cb6-4cd8-4f56-af05-4a369fb3068a",
            "264728e6-c810-4884-9fbe-450b6f0915e2",
            "5ba01a68-bb60-449a-a8f1-e384473a4a4c",
            "cfcbcf58-d4c4-45b8-b934-8a4775f9d31e",
            "09a72d3b-2f6b-40bd-8370-c9045247a11d",
            "412bfb26-73d2-415e-8ae0-1744811d472f",
            "760a92b4-0bb2-48cd-990e-f030fd188ab8",
            "5baf615b-901d-4a38-8065-ef2eaf004c77",
            "fb653e9a-bf97-456f-8780-154504ea336e",
            "d50a7214-2bc7-436f-85ea-ea0f41ef1fcf"
          ],
          "failures": [],
          "pending": [],
          "skipped": [],
          "duration": 20248,
          "root": false,
          "rootEmpty": false,
          "_timeout": 2000
        }
      ],
      "passes": [],
      "failures": [],
      "pending": [],
      "skipped": [],
      "duration": 0,
      "root": true,
      "rootEmpty": true,
      "_timeout": 2000
    }
  ],
  "meta": {
    "mocha": {
      "version": "7.0.1"
    },
    "mochawesome": {
      "options": {
        "quiet": false,
        "reportFilename": "mochawesome",
        "saveHtml": true,
        "saveJson": true,
        "consoleReporter": "spec",
        "useInlineDiffs": false,
        "code": true
      },
      "version": "7.1.3"
    },
    "marge": {
      "options": {
        "charts": true,
        "overwrite": true,
        "html": true,
        "json": true,
        "reportDir": "cypress/report"
      },
      "version": "6.2.0"
    }
  }
}